Started GET "/posts/index" for ::1 at 2016-12-31 19:32:05 -0800
  
ActionController::RoutingError (No route matches [GET] "/posts/index"):
  
actionpack (5.0.1) lib/action_dispatch/middleware/debug_exceptions.rb:53:in `call'
web-console (3.4.0) lib/web_console/middleware.rb:135:in `call_app'
web-console (3.4.0) lib/web_console/middleware.rb:28:in `block in call'
web-console (3.4.0) lib/web_console/middleware.rb:18:in `catch'
web-console (3.4.0) lib/web_console/middleware.rb:18:in `call'
actionpack (5.0.1) lib/action_dispatch/middleware/show_exceptions.rb:31:in `call'
railties (5.0.1) lib/rails/rack/logger.rb:36:in `call_app'
railties (5.0.1) lib/rails/rack/logger.rb:24:in `block in call'
activesupport (5.0.1) lib/active_support/tagged_logging.rb:69:in `block in tagged'
activesupport (5.0.1) lib/active_support/tagged_logging.rb:26:in `tagged'
activesupport (5.0.1) lib/active_support/tagged_logging.rb:69:in `tagged'
railties (5.0.1) lib/rails/rack/logger.rb:24:in `call'
sprockets-rails (3.2.0) lib/sprockets/rails/quiet_assets.rb:13:in `call'
actionpack (5.0.1) lib/action_dispatch/middleware/request_id.rb:24:in `call'
rack (2.0.1) lib/rack/method_override.rb:22:in `call'
rack (2.0.1) lib/rack/runtime.rb:22:in `call'
activesupport (5.0.1) lib/active_support/cache/strategy/local_cache_middleware.rb:28:in `call'
actionpack (5.0.1) lib/action_dispatch/middleware/executor.rb:12:in `call'
actionpack (5.0.1) lib/action_dispatch/middleware/static.rb:136:in `call'
rack (2.0.1) lib/rack/sendfile.rb:111:in `call'
railties (5.0.1) lib/rails/engine.rb:522:in `call'
puma (3.6.2) lib/puma/configuration.rb:225:in `call'
puma (3.6.2) lib/puma/server.rb:578:in `handle_request'
puma (3.6.2) lib/puma/server.rb:415:in `process_client'
puma (3.6.2) lib/puma/server.rb:275:in `block in run'
puma (3.6.2) lib/puma/thread_pool.rb:116:in `block in spawn_thread'
  Rendering /Users/yasskin/.rvm/gems/ruby-2.3.1/gems/actionpack-5.0.1/lib/action_dispatch/middleware/templates/rescues/routing_error.html.erb within rescues/layout
  Rendering /Users/yasskin/.rvm/gems/ruby-2.3.1/gems/actionpack-5.0.1/lib/action_dispatch/middleware/templates/rescues/_trace.html.erb
  Rendered /Users/yasskin/.rvm/gems/ruby-2.3.1/gems/actionpack-5.0.1/lib/action_dispatch/middleware/templates/rescues/_trace.html.erb (1.0ms)
  Rendered /Users/yasskin/.rvm/gems/ruby-2.3.1/gems/actionpack-5.0.1/lib/action_dispatch/middleware/templates/routes/_table.html.erb (27.3ms)
  Rendering /Users/yasskin/.rvm/gems/ruby-2.3.1/gems/actionpack-5.0.1/lib/action_dispatch/middleware/templates/rescues/_request_and_response.html.erb
  Rendered /Users/yasskin/.rvm/gems/ruby-2.3.1/gems/actionpack-5.0.1/lib/action_dispatch/middleware/templates/rescues/_request_and_response.html.erb (7.5ms)
  Rendered /Users/yasskin/.rvm/gems/ruby-2.3.1/gems/actionpack-5.0.1/lib/action_dispatch/middleware/templates/rescues/routing_error.html.erb within rescues/layout (83.0ms)
Started GET "/" for ::1 at 2016-12-31 19:32:09 -0800
Processing by Rails::WelcomeController#index as HTML
  Parameters: {"internal"=>true}
  Rendering /Users/yasskin/.rvm/gems/ruby-2.3.1/gems/railties-5.0.1/lib/rails/templates/rails/welcome/index.html.erb
  Rendered /Users/yasskin/.rvm/gems/ruby-2.3.1/gems/railties-5.0.1/lib/rails/templates/rails/welcome/index.html.erb (2.6ms)
Completed 200 OK in 6ms (Views: 4.3ms | ActiveRecord: 0.0ms)


Started GET "/welcome/index" for ::1 at 2016-12-31 19:35:42 -0800
Processing by WelcomeController#index as HTML
  Rendering welcome/index.html.erb within layouts/application
  Rendered welcome/index.html.erb within layouts/application (0.2ms)
Completed 200 OK in 407ms (Views: 405.9ms | ActiveRecord: 0.0ms)


Started GET "/" for ::1 at 2016-12-31 19:37:30 -0800
Processing by WelcomeController#index as HTML
  Rendering welcome/index.html.erb within layouts/application
  Rendered welcome/index.html.erb within layouts/application (0.3ms)
Completed 200 OK in 19ms (Views: 17.7ms | ActiveRecord: 0.0ms)


Started GET "/" for ::1 at 2016-12-31 19:45:49 -0800
Processing by WelcomeController#index as HTML
  Rendering welcome/index.html.haml within layouts/application
  Rendered welcome/index.html.haml within layouts/application (1.3ms)
Completed 200 OK in 168ms (Views: 160.6ms | ActiveRecord: 0.0ms)


  [1m[35m (1.8ms)[0m  [1m[35mCREATE TABLE "schema_migrations" ("version" varchar NOT NULL PRIMARY KEY)[0m
  [1m[35m (1.5ms)[0m  [1m[35mCREATE TABLE "ar_internal_metadata" ("key" varchar NOT NULL PRIMARY KEY, "value" varchar, "created_at" datetime NOT NULL, "updated_at" datetime NOT NULL)[0m
  [1m[36mActiveRecord::SchemaMigration Load (0.1ms)[0m  [1m[34mSELECT "schema_migrations".* FROM "schema_migrations"[0m
Migrating to CreateDocs (20170101035502)
  [1m[35m (0.1ms)[0m  [1m[36mbegin transaction[0m
  [1m[35m (0.4ms)[0m  [1m[35mCREATE TABLE "docs" ("id" INTEGER PRIMARY KEY AUTOINCREMENT NOT NULL, "title" varchar, "content" text, "created_at" datetime NOT NULL, "updated_at" datetime NOT NULL)[0m
  [1m[35mSQL (0.1ms)[0m  [1m[32mINSERT INTO "schema_migrations" ("version") VALUES (?)[0m  [["version", "20170101035502"]]
  [1m[35m (2.3ms)[0m  [1m[36mcommit transaction[0m
  [1m[36mActiveRecord::InternalMetadata Load (0.1ms)[0m  [1m[34mSELECT  "ar_internal_metadata".* FROM "ar_internal_metadata" WHERE "ar_internal_metadata"."key" = ? LIMIT ?[0m  [["key", :environment], ["LIMIT", 1]]
  [1m[35m (0.0ms)[0m  [1m[36mbegin transaction[0m
  [1m[35mSQL (0.2ms)[0m  [1m[32mINSERT INTO "ar_internal_metadata" ("key", "value", "created_at", "updated_at") VALUES (?, ?, ?, ?)[0m  [["key", "environment"], ["value", "development"], ["created_at", 2017-01-01 03:56:23 UTC], ["updated_at", 2017-01-01 03:56:23 UTC]]
  [1m[35m (1.4ms)[0m  [1m[36mcommit transaction[0m
  [1m[36mActiveRecord::SchemaMigration Load (0.1ms)[0m  [1m[34mSELECT "schema_migrations".* FROM "schema_migrations"[0m
Started GET "/docs/new" for ::1 at 2016-12-31 20:07:48 -0800
  [1m[36mActiveRecord::SchemaMigration Load (0.1ms)[0m  [1m[34mSELECT "schema_migrations".* FROM "schema_migrations"[0m
Processing by DocsController#new as HTML
  Rendering docs/new.html.haml within layouts/application
  Rendered docs/_form.html.haml (75.5ms)
  Rendered docs/new.html.haml within layouts/application (78.7ms)
Completed 200 OK in 346ms (Views: 330.6ms | ActiveRecord: 0.5ms)


Started POST "/docs" for ::1 at 2016-12-31 20:12:01 -0800
Processing by DocsController#create as HTML
  Parameters: {"utf8"=>"✓", "authenticity_token"=>"zBgsTP24bQqtisdpry/XD+V2DZEGc+a9pfQX5hrMJktSJBTppAuYhVYYug+His9Is1f7Lq6fKX8sMnZoaJoDug==", "doc"=>{"title"=>"tk", "content"=>"tkttktk"}, "commit"=>"Create Doc"}
  [1m[35m (0.0ms)[0m  [1m[36mbegin transaction[0m
  [1m[35mSQL (0.3ms)[0m  [1m[32mINSERT INTO "docs" ("title", "content", "created_at", "updated_at") VALUES (?, ?, ?, ?)[0m  [["title", "tk"], ["content", "tkttktk"], ["created_at", 2017-01-01 04:12:01 UTC], ["updated_at", 2017-01-01 04:12:01 UTC]]
  [1m[35m (1.4ms)[0m  [1m[36mcommit transaction[0m
Redirected to http://localhost:3000/docs/1
Completed 302 Found in 10ms (ActiveRecord: 2.2ms)


Started GET "/docs/1" for ::1 at 2016-12-31 20:12:01 -0800
Processing by DocsController#show as HTML
  Parameters: {"id"=>"1"}
  [1m[36mDoc Load (0.3ms)[0m  [1m[34mSELECT  "docs".* FROM "docs" WHERE "docs"."id" = ? LIMIT ?[0m  [["id", 1], ["LIMIT", 1]]
  Rendering docs/show.html.haml within layouts/application
  Rendered docs/show.html.haml within layouts/application (0.8ms)
Completed 200 OK in 27ms (Views: 15.9ms | ActiveRecord: 0.3ms)


  [1m[36mActiveRecord::SchemaMigration Load (0.1ms)[0m  [1m[34mSELECT "schema_migrations".* FROM "schema_migrations"[0m
Migrating to DeviseCreateUsers (20170101044229)
  [1m[35m (0.1ms)[0m  [1m[36mbegin transaction[0m
  [1m[35m (0.4ms)[0m  [1m[35mCREATE TABLE "users" ("id" INTEGER PRIMARY KEY AUTOINCREMENT NOT NULL, "email" varchar DEFAULT '' NOT NULL, "encrypted_password" varchar DEFAULT '' NOT NULL, "reset_password_token" varchar, "reset_password_sent_at" datetime, "remember_created_at" datetime, "sign_in_count" integer DEFAULT 0 NOT NULL, "current_sign_in_at" datetime, "last_sign_in_at" datetime, "current_sign_in_ip" varchar, "last_sign_in_ip" varchar, "created_at" datetime NOT NULL, "updated_at" datetime NOT NULL)[0m
  [1m[35m (6.2ms)[0m  [1m[34mselect sqlite_version(*)[0m
  [1m[35m (0.4ms)[0m  [1m[35mCREATE UNIQUE INDEX "index_users_on_email" ON "users" ("email")[0m
  [1m[35m (0.0ms)[0m  [1m[34m            SELECT sql
            FROM sqlite_master
            WHERE name='index_users_on_email' AND type='index'
            UNION ALL
            SELECT sql
            FROM sqlite_temp_master
            WHERE name='index_users_on_email' AND type='index'
[0m
  [1m[35m (0.1ms)[0m  [1m[35mCREATE UNIQUE INDEX "index_users_on_reset_password_token" ON "users" ("reset_password_token")[0m
  [1m[35mSQL (0.1ms)[0m  [1m[32mINSERT INTO "schema_migrations" ("version") VALUES (?)[0m  [["version", "20170101044229"]]
  [1m[35m (1.9ms)[0m  [1m[36mcommit transaction[0m
  [1m[36mActiveRecord::InternalMetadata Load (0.1ms)[0m  [1m[34mSELECT  "ar_internal_metadata".* FROM "ar_internal_metadata" WHERE "ar_internal_metadata"."key" = ? LIMIT ?[0m  [["key", :environment], ["LIMIT", 1]]
  [1m[35m (0.0ms)[0m  [1m[36mbegin transaction[0m
  [1m[35m (0.0ms)[0m  [1m[36mcommit transaction[0m
  [1m[36mActiveRecord::SchemaMigration Load (0.0ms)[0m  [1m[34mSELECT "schema_migrations".* FROM "schema_migrations"[0m
  [1m[35m (0.1ms)[0m  [1m[34m            SELECT sql
            FROM sqlite_master
            WHERE name='index_users_on_reset_password_token' AND type='index'
            UNION ALL
            SELECT sql
            FROM sqlite_temp_master
            WHERE name='index_users_on_reset_password_token' AND type='index'
[0m
  [1m[35m (0.1ms)[0m  [1m[34m            SELECT sql
            FROM sqlite_master
            WHERE name='index_users_on_email' AND type='index'
            UNION ALL
            SELECT sql
            FROM sqlite_temp_master
            WHERE name='index_users_on_email' AND type='index'
[0m
Started GET "/users" for ::1 at 2016-12-31 20:43:41 -0800
  [1m[36mActiveRecord::SchemaMigration Load (0.1ms)[0m  [1m[34mSELECT "schema_migrations".* FROM "schema_migrations"[0m
  
ActionController::RoutingError (No route matches [GET] "/users"):
  
actionpack (5.0.1) lib/action_dispatch/middleware/debug_exceptions.rb:53:in `call'
web-console (3.4.0) lib/web_console/middleware.rb:135:in `call_app'
web-console (3.4.0) lib/web_console/middleware.rb:28:in `block in call'
web-console (3.4.0) lib/web_console/middleware.rb:18:in `catch'
web-console (3.4.0) lib/web_console/middleware.rb:18:in `call'
actionpack (5.0.1) lib/action_dispatch/middleware/show_exceptions.rb:31:in `call'
railties (5.0.1) lib/rails/rack/logger.rb:36:in `call_app'
railties (5.0.1) lib/rails/rack/logger.rb:24:in `block in call'
activesupport (5.0.1) lib/active_support/tagged_logging.rb:69:in `block in tagged'
activesupport (5.0.1) lib/active_support/tagged_logging.rb:26:in `tagged'
activesupport (5.0.1) lib/active_support/tagged_logging.rb:69:in `tagged'
railties (5.0.1) lib/rails/rack/logger.rb:24:in `call'
sprockets-rails (3.2.0) lib/sprockets/rails/quiet_assets.rb:13:in `call'
actionpack (5.0.1) lib/action_dispatch/middleware/request_id.rb:24:in `call'
rack (2.0.1) lib/rack/method_override.rb:22:in `call'
rack (2.0.1) lib/rack/runtime.rb:22:in `call'
activesupport (5.0.1) lib/active_support/cache/strategy/local_cache_middleware.rb:28:in `call'
actionpack (5.0.1) lib/action_dispatch/middleware/executor.rb:12:in `call'
actionpack (5.0.1) lib/action_dispatch/middleware/static.rb:136:in `call'
rack (2.0.1) lib/rack/sendfile.rb:111:in `call'
railties (5.0.1) lib/rails/engine.rb:522:in `call'
puma (3.6.2) lib/puma/configuration.rb:225:in `call'
puma (3.6.2) lib/puma/server.rb:578:in `handle_request'
puma (3.6.2) lib/puma/server.rb:415:in `process_client'
puma (3.6.2) lib/puma/server.rb:275:in `block in run'
puma (3.6.2) lib/puma/thread_pool.rb:116:in `block in spawn_thread'
  Rendering /Users/yasskin/.rvm/gems/ruby-2.3.1/gems/actionpack-5.0.1/lib/action_dispatch/middleware/templates/rescues/routing_error.html.erb within rescues/layout
  Rendering /Users/yasskin/.rvm/gems/ruby-2.3.1/gems/actionpack-5.0.1/lib/action_dispatch/middleware/templates/rescues/_trace.html.erb
  Rendered /Users/yasskin/.rvm/gems/ruby-2.3.1/gems/actionpack-5.0.1/lib/action_dispatch/middleware/templates/rescues/_trace.html.erb (1.3ms)
  Rendered collection of /Users/yasskin/.rvm/gems/ruby-2.3.1/gems/actionpack-5.0.1/lib/action_dispatch/middleware/templates/routes/_route.html.erb [25 times] (45.9ms)
  Rendered /Users/yasskin/.rvm/gems/ruby-2.3.1/gems/actionpack-5.0.1/lib/action_dispatch/middleware/templates/routes/_table.html.erb (13.0ms)
  Rendering /Users/yasskin/.rvm/gems/ruby-2.3.1/gems/actionpack-5.0.1/lib/action_dispatch/middleware/templates/rescues/_request_and_response.html.erb
  Rendered /Users/yasskin/.rvm/gems/ruby-2.3.1/gems/actionpack-5.0.1/lib/action_dispatch/middleware/templates/rescues/_request_and_response.html.erb (8.0ms)
  Rendered /Users/yasskin/.rvm/gems/ruby-2.3.1/gems/actionpack-5.0.1/lib/action_dispatch/middleware/templates/rescues/routing_error.html.erb within rescues/layout (138.1ms)
Started GET "/users/signup" for ::1 at 2016-12-31 20:43:52 -0800
  
ActionController::RoutingError (No route matches [GET] "/users/signup"):
  
actionpack (5.0.1) lib/action_dispatch/middleware/debug_exceptions.rb:53:in `call'
web-console (3.4.0) lib/web_console/middleware.rb:135:in `call_app'
web-console (3.4.0) lib/web_console/middleware.rb:28:in `block in call'
web-console (3.4.0) lib/web_console/middleware.rb:18:in `catch'
web-console (3.4.0) lib/web_console/middleware.rb:18:in `call'
actionpack (5.0.1) lib/action_dispatch/middleware/show_exceptions.rb:31:in `call'
railties (5.0.1) lib/rails/rack/logger.rb:36:in `call_app'
railties (5.0.1) lib/rails/rack/logger.rb:24:in `block in call'
activesupport (5.0.1) lib/active_support/tagged_logging.rb:69:in `block in tagged'
activesupport (5.0.1) lib/active_support/tagged_logging.rb:26:in `tagged'
activesupport (5.0.1) lib/active_support/tagged_logging.rb:69:in `tagged'
railties (5.0.1) lib/rails/rack/logger.rb:24:in `call'
sprockets-rails (3.2.0) lib/sprockets/rails/quiet_assets.rb:13:in `call'
actionpack (5.0.1) lib/action_dispatch/middleware/request_id.rb:24:in `call'
rack (2.0.1) lib/rack/method_override.rb:22:in `call'
rack (2.0.1) lib/rack/runtime.rb:22:in `call'
activesupport (5.0.1) lib/active_support/cache/strategy/local_cache_middleware.rb:28:in `call'
actionpack (5.0.1) lib/action_dispatch/middleware/executor.rb:12:in `call'
actionpack (5.0.1) lib/action_dispatch/middleware/static.rb:136:in `call'
rack (2.0.1) lib/rack/sendfile.rb:111:in `call'
railties (5.0.1) lib/rails/engine.rb:522:in `call'
puma (3.6.2) lib/puma/configuration.rb:225:in `call'
puma (3.6.2) lib/puma/server.rb:578:in `handle_request'
puma (3.6.2) lib/puma/server.rb:415:in `process_client'
puma (3.6.2) lib/puma/server.rb:275:in `block in run'
puma (3.6.2) lib/puma/thread_pool.rb:116:in `block in spawn_thread'
  Rendering /Users/yasskin/.rvm/gems/ruby-2.3.1/gems/actionpack-5.0.1/lib/action_dispatch/middleware/templates/rescues/routing_error.html.erb within rescues/layout
  Rendering /Users/yasskin/.rvm/gems/ruby-2.3.1/gems/actionpack-5.0.1/lib/action_dispatch/middleware/templates/rescues/_trace.html.erb
  Rendered /Users/yasskin/.rvm/gems/ruby-2.3.1/gems/actionpack-5.0.1/lib/action_dispatch/middleware/templates/rescues/_trace.html.erb (1.0ms)
  Rendered collection of /Users/yasskin/.rvm/gems/ruby-2.3.1/gems/actionpack-5.0.1/lib/action_dispatch/middleware/templates/routes/_route.html.erb [25 times] (5.2ms)
  Rendered /Users/yasskin/.rvm/gems/ruby-2.3.1/gems/actionpack-5.0.1/lib/action_dispatch/middleware/templates/routes/_table.html.erb (1.2ms)
  Rendering /Users/yasskin/.rvm/gems/ruby-2.3.1/gems/actionpack-5.0.1/lib/action_dispatch/middleware/templates/rescues/_request_and_response.html.erb
  Rendered /Users/yasskin/.rvm/gems/ruby-2.3.1/gems/actionpack-5.0.1/lib/action_dispatch/middleware/templates/rescues/_request_and_response.html.erb (1.2ms)
  Rendered /Users/yasskin/.rvm/gems/ruby-2.3.1/gems/actionpack-5.0.1/lib/action_dispatch/middleware/templates/rescues/routing_error.html.erb within rescues/layout (69.0ms)
Started GET "/users/sign_up" for ::1 at 2016-12-31 20:44:01 -0800
Processing by Devise::RegistrationsController#new as HTML
  Rendering devise/registrations/new.html.erb within layouts/application
  Rendered devise/shared/_links.html.erb (0.8ms)
  Rendered devise/registrations/new.html.erb within layouts/application (73.3ms)
Completed 200 OK in 260ms (Views: 250.1ms | ActiveRecord: 0.4ms)


Started POST "/users" for ::1 at 2016-12-31 20:44:34 -0800
Processing by Devise::RegistrationsController#create as HTML
  Parameters: {"utf8"=>"✓", "authenticity_token"=>"yEwWpQUYaFfdPh460N+7vpCI8vVEZjfNINlzp1z90uVWcC4AXKud2CasY1z4eqP5xqkESuyK+A+pHxIpLqv3FA==", "user"=>{"email"=>"user@example.com", "password"=>"[FILTERED]", "password_confirmation"=>"[FILTERED]"}, "commit"=>"Sign up"}
  [1m[35m (0.1ms)[0m  [1m[36mbegin transaction[0m
  [1m[36mUser Exists (7.2ms)[0m  [1m[34mSELECT  1 AS one FROM "users" WHERE "users"."email" = ? LIMIT ?[0m  [["email", "user@example.com"], ["LIMIT", 1]]
  [1m[35mSQL (1.2ms)[0m  [1m[32mINSERT INTO "users" ("email", "encrypted_password", "created_at", "updated_at") VALUES (?, ?, ?, ?)[0m  [["email", "user@example.com"], ["encrypted_password", "$2a$11$hfVYOWGLTxSAiCavHmBpd.CrQTxkJo9VMgXNgyZxUr4Rl7jNBkD/W"], ["created_at", 2017-01-01 04:44:34 UTC], ["updated_at", 2017-01-01 04:44:34 UTC]]
  [1m[35m (1.5ms)[0m  [1m[36mcommit transaction[0m
  [1m[35m (0.0ms)[0m  [1m[36mbegin transaction[0m
  [1m[35mSQL (0.2ms)[0m  [1m[33mUPDATE "users" SET "sign_in_count" = ?, "current_sign_in_at" = ?, "last_sign_in_at" = ?, "current_sign_in_ip" = ?, "last_sign_in_ip" = ?, "updated_at" = ? WHERE "users"."id" = ?[0m  [["sign_in_count", 1], ["current_sign_in_at", 2017-01-01 04:44:34 UTC], ["last_sign_in_at", 2017-01-01 04:44:34 UTC], ["current_sign_in_ip", "::1"], ["last_sign_in_ip", "::1"], ["updated_at", 2017-01-01 04:44:34 UTC], ["id", 1]]
  [1m[35m (1.2ms)[0m  [1m[36mcommit transaction[0m
Redirected to http://localhost:3000/
Completed 302 Found in 195ms (ActiveRecord: 11.5ms)


Started GET "/" for ::1 at 2016-12-31 20:44:34 -0800
Processing by WelcomeController#index as HTML
  Rendering welcome/index.html.haml within layouts/application
  Rendered welcome/index.html.haml within layouts/application (0.7ms)
Completed 200 OK in 17ms (Views: 15.2ms | ActiveRecord: 0.0ms)


  [1m[36mActiveRecord::SchemaMigration Load (0.1ms)[0m  [1m[34mSELECT "schema_migrations".* FROM "schema_migrations"[0m
Migrating to AddUserIdToDocs (20170101044727)
  [1m[35m (0.0ms)[0m  [1m[36mbegin transaction[0m
  [1m[35m (0.7ms)[0m  [1m[35mALTER TABLE "docs" ADD "user_id" integer[0m
  [1m[35mSQL (0.1ms)[0m  [1m[32mINSERT INTO "schema_migrations" ("version") VALUES (?)[0m  [["version", "20170101044727"]]
  [1m[35m (1.5ms)[0m  [1m[36mcommit transaction[0m
  [1m[36mActiveRecord::InternalMetadata Load (0.3ms)[0m  [1m[34mSELECT  "ar_internal_metadata".* FROM "ar_internal_metadata" WHERE "ar_internal_metadata"."key" = ? LIMIT ?[0m  [["key", :environment], ["LIMIT", 1]]
  [1m[35m (0.1ms)[0m  [1m[36mbegin transaction[0m
  [1m[35m (0.1ms)[0m  [1m[36mcommit transaction[0m
  [1m[36mActiveRecord::SchemaMigration Load (0.1ms)[0m  [1m[34mSELECT "schema_migrations".* FROM "schema_migrations"[0m
  [1m[35m (0.2ms)[0m  [1m[34m            SELECT sql
            FROM sqlite_master
            WHERE name='index_users_on_reset_password_token' AND type='index'
            UNION ALL
            SELECT sql
            FROM sqlite_temp_master
            WHERE name='index_users_on_reset_password_token' AND type='index'
[0m
  [1m[35m (0.1ms)[0m  [1m[34m            SELECT sql
            FROM sqlite_master
            WHERE name='index_users_on_email' AND type='index'
            UNION ALL
            SELECT sql
            FROM sqlite_temp_master
            WHERE name='index_users_on_email' AND type='index'
[0m
  [1m[36mDoc Load (0.1ms)[0m  [1m[34mSELECT  "docs".* FROM "docs" ORDER BY "docs"."id" ASC LIMIT ?[0m  [["LIMIT", 1]]
Started GET "/docs/new" for ::1 at 2016-12-31 20:51:50 -0800
  [1m[36mActiveRecord::SchemaMigration Load (0.1ms)[0m  [1m[34mSELECT "schema_migrations".* FROM "schema_migrations"[0m
Processing by DocsController#new as HTML
  [1m[36mUser Load (0.1ms)[0m  [1m[34mSELECT  "users".* FROM "users" WHERE "users"."id" = ? ORDER BY "users"."id" ASC LIMIT ?[0m  [["id", 1], ["LIMIT", 1]]
  Rendering docs/new.html.haml within layouts/application
  Rendered docs/_form.html.haml (8.5ms)
  Rendered docs/new.html.haml within layouts/application (10.7ms)
Completed 200 OK in 80ms (Views: 27.7ms | ActiveRecord: 0.8ms)


Started POST "/docs" for ::1 at 2016-12-31 20:51:59 -0800
Processing by DocsController#create as HTML
  Parameters: {"utf8"=>"✓", "authenticity_token"=>"OceXwruIhnz295nUH6qBg2kgoADTpfLSWbBOzhyHpY2n+69n4jtz8w1l5LI3D5nEPwFWv3tJPRDQdi9AbtGAfA==", "doc"=>{"title"=>"TEST DOC", "content"=>"Hipster Ipsum"}, "commit"=>"Create Doc"}
  [1m[36mUser Load (0.1ms)[0m  [1m[34mSELECT  "users".* FROM "users" WHERE "users"."id" = ? ORDER BY "users"."id" ASC LIMIT ?[0m  [["id", 1], ["LIMIT", 1]]
  [1m[35m (0.0ms)[0m  [1m[36mbegin transaction[0m
  [1m[35mSQL (0.2ms)[0m  [1m[32mINSERT INTO "docs" ("title", "content", "created_at", "updated_at", "user_id") VALUES (?, ?, ?, ?, ?)[0m  [["title", "TEST DOC"], ["content", "Hipster Ipsum"], ["created_at", 2017-01-01 04:51:59 UTC], ["updated_at", 2017-01-01 04:51:59 UTC], ["user_id", 1]]
  [1m[35m (10.1ms)[0m  [1m[36mcommit transaction[0m
Redirected to http://localhost:3000/docs/2
Completed 302 Found in 15ms (ActiveRecord: 10.4ms)


Started GET "/docs/2" for ::1 at 2016-12-31 20:51:59 -0800
Processing by DocsController#show as HTML
  Parameters: {"id"=>"2"}
  [1m[36mDoc Load (0.3ms)[0m  [1m[34mSELECT  "docs".* FROM "docs" WHERE "docs"."id" = ? LIMIT ?[0m  [["id", 2], ["LIMIT", 1]]
  Rendering docs/show.html.haml within layouts/application
  Rendered docs/show.html.haml within layouts/application (1.9ms)
Completed 200 OK in 28ms (Views: 22.1ms | ActiveRecord: 0.3ms)


  [1m[36mDoc Load (0.2ms)[0m  [1m[34mSELECT  "docs".* FROM "docs" ORDER BY "docs"."id" DESC LIMIT ?[0m  [["LIMIT", 1]]
Started GET "/" for ::1 at 2016-12-31 20:58:30 -0800
  [1m[36mUser Load (0.1ms)[0m  [1m[34mSELECT  "users".* FROM "users" WHERE "users"."id" = ? ORDER BY "users"."id" ASC LIMIT ?[0m  [["id", 1], ["LIMIT", 1]]
Processing by DocsController#index as HTML
  Rendering docs/index.html.haml within layouts/application
  [1m[36mDoc Load (0.1ms)[0m  [1m[34mSELECT "docs".* FROM "docs" WHERE "docs"."user_id" = 1[0m
  Rendered docs/index.html.haml within layouts/application (10.7ms)
Completed 200 OK in 33ms (Views: 29.2ms | ActiveRecord: 0.4ms)


Started GET "/" for ::1 at 2016-12-31 20:58:32 -0800
  [1m[36mUser Load (0.1ms)[0m  [1m[34mSELECT  "users".* FROM "users" WHERE "users"."id" = ? ORDER BY "users"."id" ASC LIMIT ?[0m  [["id", 1], ["LIMIT", 1]]
Processing by DocsController#index as HTML
  Rendering docs/index.html.haml within layouts/application
  [1m[36mDoc Load (0.1ms)[0m  [1m[34mSELECT "docs".* FROM "docs" WHERE "docs"."user_id" = 1[0m
  Rendered docs/index.html.haml within layouts/application (2.2ms)
Completed 200 OK in 23ms (Views: 21.3ms | ActiveRecord: 0.1ms)


Started GET "/" for ::1 at 2016-12-31 21:04:58 -0800
  [1m[36mUser Load (0.3ms)[0m  [1m[34mSELECT  "users".* FROM "users" WHERE "users"."id" = ? ORDER BY "users"."id" ASC LIMIT ?[0m  [["id", 1], ["LIMIT", 1]]
Processing by DocsController#index as HTML
  Rendering docs/index.html.haml within layouts/application
  [1m[36mDoc Load (0.1ms)[0m  [1m[34mSELECT "docs".* FROM "docs" WHERE "docs"."user_id" = 1[0m
  Rendered docs/index.html.haml within layouts/application (2.2ms)
DEPRECATION WARNING: Extra .css in SCSS file is unnecessary. Rename /Users/yasskin/Documents/dev/udemy/8_beautiful_apps/cabinet/app/assets/stylesheets/normalize.css.scss to /Users/yasskin/Documents/dev/udemy/8_beautiful_apps/cabinet/app/assets/stylesheets/normalize.scss. (called from _app_views_layouts_application_html_erb___1129950619348456229_70233957636320 at /Users/yasskin/Documents/dev/udemy/8_beautiful_apps/cabinet/app/views/layouts/application.html.erb:7)
DEPRECATION WARNING: Extra .css in SCSS file is unnecessary. Rename /Users/yasskin/Documents/dev/udemy/8_beautiful_apps/cabinet/app/assets/stylesheets/global.css.scss to /Users/yasskin/Documents/dev/udemy/8_beautiful_apps/cabinet/app/assets/stylesheets/global.scss. (called from _app_views_layouts_application_html_erb___1129950619348456229_70233957636320 at /Users/yasskin/Documents/dev/udemy/8_beautiful_apps/cabinet/app/views/layouts/application.html.erb:7)
DEPRECATION WARNING: Extra .css in SCSS file is unnecessary. Rename /Users/yasskin/Documents/dev/udemy/8_beautiful_apps/cabinet/app/assets/stylesheets/docs.css.scss to /Users/yasskin/Documents/dev/udemy/8_beautiful_apps/cabinet/app/assets/stylesheets/docs.scss. (called from _app_views_layouts_application_html_erb___1129950619348456229_70233957636320 at /Users/yasskin/Documents/dev/udemy/8_beautiful_apps/cabinet/app/views/layouts/application.html.erb:7)
DEPRECATION WARNING: Extra .css in SCSS file is unnecessary. Rename /Users/yasskin/Documents/dev/udemy/8_beautiful_apps/cabinet/app/assets/stylesheets/welcome.css.scss to /Users/yasskin/Documents/dev/udemy/8_beautiful_apps/cabinet/app/assets/stylesheets/welcome.scss. (called from _app_views_layouts_application_html_erb___1129950619348456229_70233957636320 at /Users/yasskin/Documents/dev/udemy/8_beautiful_apps/cabinet/app/views/layouts/application.html.erb:7)
DEPRECATION WARNING: Extra .css in SCSS file is unnecessary. Rename /Users/yasskin/Documents/dev/udemy/8_beautiful_apps/cabinet/app/assets/stylesheets/normalize.css.scss to /Users/yasskin/Documents/dev/udemy/8_beautiful_apps/cabinet/app/assets/stylesheets/normalize.scss. (called from _app_views_layouts_application_html_erb___1129950619348456229_70233957636320 at /Users/yasskin/Documents/dev/udemy/8_beautiful_apps/cabinet/app/views/layouts/application.html.erb:7)
DEPRECATION WARNING: Extra .css in SCSS file is unnecessary. Rename /Users/yasskin/Documents/dev/udemy/8_beautiful_apps/cabinet/app/assets/stylesheets/global.css.scss to /Users/yasskin/Documents/dev/udemy/8_beautiful_apps/cabinet/app/assets/stylesheets/global.scss. (called from _app_views_layouts_application_html_erb___1129950619348456229_70233957636320 at /Users/yasskin/Documents/dev/udemy/8_beautiful_apps/cabinet/app/views/layouts/application.html.erb:7)
DEPRECATION WARNING: Extra .css in SCSS file is unnecessary. Rename /Users/yasskin/Documents/dev/udemy/8_beautiful_apps/cabinet/app/assets/stylesheets/docs.css.scss to /Users/yasskin/Documents/dev/udemy/8_beautiful_apps/cabinet/app/assets/stylesheets/docs.scss. (called from _app_views_layouts_application_html_erb___1129950619348456229_70233957636320 at /Users/yasskin/Documents/dev/udemy/8_beautiful_apps/cabinet/app/views/layouts/application.html.erb:7)
DEPRECATION WARNING: Extra .css in SCSS file is unnecessary. Rename /Users/yasskin/Documents/dev/udemy/8_beautiful_apps/cabinet/app/assets/stylesheets/welcome.css.scss to /Users/yasskin/Documents/dev/udemy/8_beautiful_apps/cabinet/app/assets/stylesheets/welcome.scss. (called from _app_views_layouts_application_html_erb___1129950619348456229_70233957636320 at /Users/yasskin/Documents/dev/udemy/8_beautiful_apps/cabinet/app/views/layouts/application.html.erb:7)
Completed 200 OK in 151ms (Views: 150.0ms | ActiveRecord: 0.1ms)


Started GET "/" for ::1 at 2016-12-31 21:08:09 -0800
  [1m[36mUser Load (0.1ms)[0m  [1m[34mSELECT  "users".* FROM "users" WHERE "users"."id" = ? ORDER BY "users"."id" ASC LIMIT ?[0m  [["id", 1], ["LIMIT", 1]]
Processing by DocsController#index as HTML
  Rendering docs/index.html.haml within layouts/application
  [1m[36mDoc Load (0.1ms)[0m  [1m[34mSELECT "docs".* FROM "docs" WHERE "docs"."user_id" = 1[0m
  Rendered docs/index.html.haml within layouts/application (1.7ms)
DEPRECATION WARNING: Extra .css in SCSS file is unnecessary. Rename /Users/yasskin/Documents/dev/udemy/8_beautiful_apps/cabinet/app/assets/stylesheets/normalize.css.scss to /Users/yasskin/Documents/dev/udemy/8_beautiful_apps/cabinet/app/assets/stylesheets/normalize.scss. (called from _app_views_layouts_application_html_erb___1129950619348456229_70233982879100 at /Users/yasskin/Documents/dev/udemy/8_beautiful_apps/cabinet/app/views/layouts/application.html.erb:7)
DEPRECATION WARNING: Extra .css in SCSS file is unnecessary. Rename /Users/yasskin/Documents/dev/udemy/8_beautiful_apps/cabinet/app/assets/stylesheets/global.css.scss to /Users/yasskin/Documents/dev/udemy/8_beautiful_apps/cabinet/app/assets/stylesheets/global.scss. (called from _app_views_layouts_application_html_erb___1129950619348456229_70233982879100 at /Users/yasskin/Documents/dev/udemy/8_beautiful_apps/cabinet/app/views/layouts/application.html.erb:7)
DEPRECATION WARNING: Extra .css in SCSS file is unnecessary. Rename /Users/yasskin/Documents/dev/udemy/8_beautiful_apps/cabinet/app/assets/stylesheets/docs.css.scss to /Users/yasskin/Documents/dev/udemy/8_beautiful_apps/cabinet/app/assets/stylesheets/docs.scss. (called from _app_views_layouts_application_html_erb___1129950619348456229_70233982879100 at /Users/yasskin/Documents/dev/udemy/8_beautiful_apps/cabinet/app/views/layouts/application.html.erb:7)
DEPRECATION WARNING: Extra .css in SCSS file is unnecessary. Rename /Users/yasskin/Documents/dev/udemy/8_beautiful_apps/cabinet/app/assets/stylesheets/welcome.css.scss to /Users/yasskin/Documents/dev/udemy/8_beautiful_apps/cabinet/app/assets/stylesheets/welcome.scss. (called from _app_views_layouts_application_html_erb___1129950619348456229_70233982879100 at /Users/yasskin/Documents/dev/udemy/8_beautiful_apps/cabinet/app/views/layouts/application.html.erb:7)
DEPRECATION WARNING: Extra .css in SCSS file is unnecessary. Rename /Users/yasskin/Documents/dev/udemy/8_beautiful_apps/cabinet/app/assets/stylesheets/normalize.css.scss to /Users/yasskin/Documents/dev/udemy/8_beautiful_apps/cabinet/app/assets/stylesheets/normalize.scss. (called from _app_views_layouts_application_html_erb___1129950619348456229_70233982879100 at /Users/yasskin/Documents/dev/udemy/8_beautiful_apps/cabinet/app/views/layouts/application.html.erb:7)
DEPRECATION WARNING: Extra .css in SCSS file is unnecessary. Rename /Users/yasskin/Documents/dev/udemy/8_beautiful_apps/cabinet/app/assets/stylesheets/global.css.scss to /Users/yasskin/Documents/dev/udemy/8_beautiful_apps/cabinet/app/assets/stylesheets/global.scss. (called from _app_views_layouts_application_html_erb___1129950619348456229_70233982879100 at /Users/yasskin/Documents/dev/udemy/8_beautiful_apps/cabinet/app/views/layouts/application.html.erb:7)
DEPRECATION WARNING: Extra .css in SCSS file is unnecessary. Rename /Users/yasskin/Documents/dev/udemy/8_beautiful_apps/cabinet/app/assets/stylesheets/docs.css.scss to /Users/yasskin/Documents/dev/udemy/8_beautiful_apps/cabinet/app/assets/stylesheets/docs.scss. (called from _app_views_layouts_application_html_erb___1129950619348456229_70233982879100 at /Users/yasskin/Documents/dev/udemy/8_beautiful_apps/cabinet/app/views/layouts/application.html.erb:7)
DEPRECATION WARNING: Extra .css in SCSS file is unnecessary. Rename /Users/yasskin/Documents/dev/udemy/8_beautiful_apps/cabinet/app/assets/stylesheets/welcome.css.scss to /Users/yasskin/Documents/dev/udemy/8_beautiful_apps/cabinet/app/assets/stylesheets/welcome.scss. (called from _app_views_layouts_application_html_erb___1129950619348456229_70233982879100 at /Users/yasskin/Documents/dev/udemy/8_beautiful_apps/cabinet/app/views/layouts/application.html.erb:7)
Completed 200 OK in 105ms (Views: 103.7ms | ActiveRecord: 0.1ms)


Started GET "/" for ::1 at 2016-12-31 21:15:22 -0800
  [1m[36mUser Load (0.1ms)[0m  [1m[34mSELECT  "users".* FROM "users" WHERE "users"."id" = ? ORDER BY "users"."id" ASC LIMIT ?[0m  [["id", 1], ["LIMIT", 1]]
Processing by DocsController#index as HTML
  Rendering docs/index.html.haml within layouts/application
  [1m[36mDoc Load (0.1ms)[0m  [1m[34mSELECT "docs".* FROM "docs" WHERE "docs"."user_id" = 1[0m
  Rendered docs/index.html.haml within layouts/application (2.4ms)
Completed 200 OK in 77ms (Views: 66.5ms | ActiveRecord: 0.1ms)


Started GET "/" for ::1 at 2016-12-31 21:20:54 -0800
  [1m[36mUser Load (0.1ms)[0m  [1m[34mSELECT  "users".* FROM "users" WHERE "users"."id" = ? ORDER BY "users"."id" ASC LIMIT ?[0m  [["id", 1], ["LIMIT", 1]]
Processing by DocsController#index as HTML
  Rendering docs/index.html.haml within layouts/application
  [1m[36mDoc Load (0.1ms)[0m  [1m[34mSELECT "docs".* FROM "docs" WHERE "docs"."user_id" = 1[0m
  Rendered docs/index.html.haml within layouts/application (2.7ms)
Completed 200 OK in 73ms (Views: 71.1ms | ActiveRecord: 0.1ms)


Started GET "/" for ::1 at 2016-12-31 21:21:05 -0800
  [1m[36mUser Load (0.1ms)[0m  [1m[34mSELECT  "users".* FROM "users" WHERE "users"."id" = ? ORDER BY "users"."id" ASC LIMIT ?[0m  [["id", 1], ["LIMIT", 1]]
Processing by DocsController#index as HTML
  Rendering docs/index.html.haml within layouts/application
  [1m[36mDoc Load (0.1ms)[0m  [1m[34mSELECT "docs".* FROM "docs" WHERE "docs"."user_id" = 1[0m
  Rendered docs/index.html.haml within layouts/application (1.8ms)
Completed 200 OK in 19ms (Views: 16.6ms | ActiveRecord: 0.1ms)


Started DELETE "/users/sign_out" for ::1 at 2016-12-31 21:21:08 -0800
Processing by Devise::SessionsController#destroy as HTML
  Parameters: {"authenticity_token"=>"RcRUWrkmGlxRJfIlx3NoduHj0jKIMKhHCK6Te6yg4yrb+Gz/4JXv06q3j0Pv1nAxt8IkjSDcZ4WBaPL13vbG2w=="}
  [1m[36mUser Load (0.1ms)[0m  [1m[34mSELECT  "users".* FROM "users" WHERE "users"."id" = ? ORDER BY "users"."id" ASC LIMIT ?[0m  [["id", 1], ["LIMIT", 1]]
  [1m[35m (0.0ms)[0m  [1m[36mbegin transaction[0m
  [1m[35m (0.0ms)[0m  [1m[36mcommit transaction[0m
Redirected to http://localhost:3000/
Completed 302 Found in 12ms (ActiveRecord: 0.2ms)


Started GET "/" for ::1 at 2016-12-31 21:21:08 -0800
Processing by WelcomeController#index as HTML
  Rendering welcome/index.html.haml within layouts/application
  Rendered welcome/index.html.haml within layouts/application (1.6ms)
Completed 200 OK in 18ms (Views: 16.7ms | ActiveRecord: 0.0ms)


Started GET "/images/callout_background.jpg" for ::1 at 2016-12-31 21:21:08 -0800
  
ActionController::RoutingError (No route matches [GET] "/images/callout_background.jpg"):
  
Started GET "/images/welcome_banner_image.jpg" for ::1 at 2016-12-31 21:21:08 -0800
actionpack (5.0.1) lib/action_dispatch/middleware/debug_exceptions.rb:53:in `call'
web-console (3.4.0) lib/web_console/middleware.rb:135:in `call_app'
web-console (3.4.0) lib/web_console/middleware.rb:28:in `block in call'
web-console (3.4.0) lib/web_console/middleware.rb:18:in `catch'
web-console (3.4.0) lib/web_console/middleware.rb:18:in `call'
actionpack (5.0.1) lib/action_dispatch/middleware/show_exceptions.rb:31:in `call'
railties (5.0.1) lib/rails/rack/logger.rb:36:in `call_app'
railties (5.0.1) lib/rails/rack/logger.rb:24:in `block in call'
activesupport (5.0.1) lib/active_support/tagged_logging.rb:69:in `block in tagged'
activesupport (5.0.1) lib/active_support/tagged_logging.rb:26:in `tagged'
activesupport (5.0.1) lib/active_support/tagged_logging.rb:69:in `tagged'
railties (5.0.1) lib/rails/rack/logger.rb:24:in `call'
sprockets-rails (3.2.0) lib/sprockets/rails/quiet_assets.rb:13:in `call'
actionpack (5.0.1) lib/action_dispatch/middleware/request_id.rb:24:in `call'
rack (2.0.1) lib/rack/method_override.rb:22:in `call'
rack (2.0.1) lib/rack/runtime.rb:22:in `call'
activesupport (5.0.1) lib/active_support/cache/strategy/local_cache_middleware.rb:28:in `call'
actionpack (5.0.1) lib/action_dispatch/middleware/executor.rb:12:in `call'
actionpack (5.0.1) lib/action_dispatch/middleware/static.rb:136:in `call'
rack (2.0.1) lib/rack/sendfile.rb:111:in `call'
railties (5.0.1) lib/rails/engine.rb:522:in `call'
puma (3.6.2) lib/puma/configuration.rb:225:in `call'
puma (3.6.2) lib/puma/server.rb:578:in `handle_request'
puma (3.6.2) lib/puma/server.rb:415:in `process_client'
puma (3.6.2) lib/puma/server.rb:275:in `block in run'
puma (3.6.2) lib/puma/thread_pool.rb:116:in `block in spawn_thread'
  
ActionController::RoutingError (No route matches [GET] "/images/welcome_banner_image.jpg"):
  
actionpack (5.0.1) lib/action_dispatch/middleware/debug_exceptions.rb:53:in `call'
web-console (3.4.0) lib/web_console/middleware.rb:135:in `call_app'
web-console (3.4.0) lib/web_console/middleware.rb:28:in `block in call'
web-console (3.4.0) lib/web_console/middleware.rb:18:in `catch'
web-console (3.4.0) lib/web_console/middleware.rb:18:in `call'
actionpack (5.0.1) lib/action_dispatch/middleware/show_exceptions.rb:31:in `call'
railties (5.0.1) lib/rails/rack/logger.rb:36:in `call_app'
railties (5.0.1) lib/rails/rack/logger.rb:24:in `block in call'
activesupport (5.0.1) lib/active_support/tagged_logging.rb:69:in `block in tagged'
activesupport (5.0.1) lib/active_support/tagged_logging.rb:26:in `tagged'
activesupport (5.0.1) lib/active_support/tagged_logging.rb:69:in `tagged'
railties (5.0.1) lib/rails/rack/logger.rb:24:in `call'
sprockets-rails (3.2.0) lib/sprockets/rails/quiet_assets.rb:13:in `call'
actionpack (5.0.1) lib/action_dispatch/middleware/request_id.rb:24:in `call'
rack (2.0.1) lib/rack/method_override.rb:22:in `call'
rack (2.0.1) lib/rack/runtime.rb:22:in `call'
activesupport (5.0.1) lib/active_support/cache/strategy/local_cache_middleware.rb:28:in `call'
actionpack (5.0.1) lib/action_dispatch/middleware/executor.rb:12:in `call'
actionpack (5.0.1) lib/action_dispatch/middleware/static.rb:136:in `call'
rack (2.0.1) lib/rack/sendfile.rb:111:in `call'
railties (5.0.1) lib/rails/engine.rb:522:in `call'
puma (3.6.2) lib/puma/configuration.rb:225:in `call'
puma (3.6.2) lib/puma/server.rb:578:in `handle_request'
puma (3.6.2) lib/puma/server.rb:415:in `process_client'
puma (3.6.2) lib/puma/server.rb:275:in `block in run'
puma (3.6.2) lib/puma/thread_pool.rb:116:in `block in spawn_thread'
  Rendering /Users/yasskin/.rvm/gems/ruby-2.3.1/gems/actionpack-5.0.1/lib/action_dispatch/middleware/templates/rescues/routing_error.html.erb within rescues/layout
  Rendering /Users/yasskin/.rvm/gems/ruby-2.3.1/gems/actionpack-5.0.1/lib/action_dispatch/middleware/templates/rescues/routing_error.html.erb within rescues/layout
  Rendering /Users/yasskin/.rvm/gems/ruby-2.3.1/gems/actionpack-5.0.1/lib/action_dispatch/middleware/templates/rescues/_trace.html.erb
  Rendered /Users/yasskin/.rvm/gems/ruby-2.3.1/gems/actionpack-5.0.1/lib/action_dispatch/middleware/templates/rescues/_trace.html.erb (1.2ms)
  Rendering /Users/yasskin/.rvm/gems/ruby-2.3.1/gems/actionpack-5.0.1/lib/action_dispatch/middleware/templates/rescues/_trace.html.erb
  Rendered /Users/yasskin/.rvm/gems/ruby-2.3.1/gems/actionpack-5.0.1/lib/action_dispatch/middleware/templates/rescues/_trace.html.erb (1.0ms)
  Rendered collection of /Users/yasskin/.rvm/gems/ruby-2.3.1/gems/actionpack-5.0.1/lib/action_dispatch/middleware/templates/routes/_route.html.erb [26 times] (4.4ms)
  Rendered collection of /Users/yasskin/.rvm/gems/ruby-2.3.1/gems/actionpack-5.0.1/lib/action_dispatch/middleware/templates/routes/_route.html.erb [26 times] (4.4ms)
  Rendered /Users/yasskin/.rvm/gems/ruby-2.3.1/gems/actionpack-5.0.1/lib/action_dispatch/middleware/templates/routes/_table.html.erb (1.1ms)
  Rendered /Users/yasskin/.rvm/gems/ruby-2.3.1/gems/actionpack-5.0.1/lib/action_dispatch/middleware/templates/routes/_table.html.erb (0.9ms)
  Rendering /Users/yasskin/.rvm/gems/ruby-2.3.1/gems/actionpack-5.0.1/lib/action_dispatch/middleware/templates/rescues/_request_and_response.html.erb
  Rendered /Users/yasskin/.rvm/gems/ruby-2.3.1/gems/actionpack-5.0.1/lib/action_dispatch/middleware/templates/rescues/_request_and_response.html.erb (0.8ms)
  Rendered /Users/yasskin/.rvm/gems/ruby-2.3.1/gems/actionpack-5.0.1/lib/action_dispatch/middleware/templates/rescues/routing_error.html.erb within rescues/layout (118.1ms)
  Rendering /Users/yasskin/.rvm/gems/ruby-2.3.1/gems/actionpack-5.0.1/lib/action_dispatch/middleware/templates/rescues/_request_and_response.html.erb
  Rendered /Users/yasskin/.rvm/gems/ruby-2.3.1/gems/actionpack-5.0.1/lib/action_dispatch/middleware/templates/rescues/_request_and_response.html.erb (1.1ms)
  Rendered /Users/yasskin/.rvm/gems/ruby-2.3.1/gems/actionpack-5.0.1/lib/action_dispatch/middleware/templates/rescues/routing_error.html.erb within rescues/layout (160.2ms)
Started GET "/" for ::1 at 2016-12-31 21:21:14 -0800
Processing by WelcomeController#index as HTML
  Rendering welcome/index.html.haml within layouts/application
  Rendered welcome/index.html.haml within layouts/application (1.7ms)
Completed 200 OK in 20ms (Views: 18.1ms | ActiveRecord: 0.0ms)


Started GET "/" for ::1 at 2016-12-31 21:22:45 -0800
Processing by WelcomeController#index as HTML
  Rendering welcome/index.html.haml within layouts/application
  Rendered welcome/index.html.haml within layouts/application (1.8ms)
Completed 200 OK in 19ms (Views: 17.8ms | ActiveRecord: 0.0ms)


Started GET "/" for ::1 at 2016-12-31 21:23:35 -0800
  [1m[36mActiveRecord::SchemaMigration Load (0.1ms)[0m  [1m[34mSELECT "schema_migrations".* FROM "schema_migrations"[0m
Processing by WelcomeController#index as HTML
  Rendering welcome/index.html.haml within layouts/application
  Rendered welcome/index.html.haml within layouts/application (5.7ms)
Completed 200 OK in 333ms (Views: 331.7ms | ActiveRecord: 0.0ms)


Started GET "/" for ::1 at 2016-12-31 21:24:25 -0800
Processing by WelcomeController#index as HTML
  Rendering welcome/index.html.haml within layouts/application
  Rendered welcome/index.html.haml within layouts/application (1.6ms)
Completed 200 OK in 18ms (Views: 16.9ms | ActiveRecord: 0.0ms)


Started GET "/" for ::1 at 2016-12-31 21:24:40 -0800
Processing by WelcomeController#index as HTML
  Rendering welcome/index.html.haml within layouts/application
  Rendered welcome/index.html.haml within layouts/application (1.5ms)
Completed 200 OK in 18ms (Views: 16.4ms | ActiveRecord: 0.0ms)


Started GET "/" for ::1 at 2016-12-31 21:26:18 -0800
Processing by WelcomeController#index as HTML
  Rendering welcome/index.html.haml within layouts/application
  Rendered welcome/index.html.haml within layouts/application (1.5ms)
Completed 200 OK in 18ms (Views: 16.7ms | ActiveRecord: 0.0ms)


Started GET "/" for ::1 at 2016-12-31 21:28:16 -0800
Processing by WelcomeController#index as HTML
  Rendering welcome/index.html.haml within layouts/application
  Rendered welcome/index.html.haml within layouts/application (1.5ms)
Completed 200 OK in 18ms (Views: 16.9ms | ActiveRecord: 0.0ms)


Started GET "/" for ::1 at 2016-12-31 21:33:44 -0800
Processing by WelcomeController#index as HTML
  Rendering welcome/index.html.haml within layouts/application
  Rendered welcome/index.html.haml within layouts/application (1.7ms)
DEPRECATION WARNING: Extra .css in SCSS file is unnecessary. Rename /Users/yasskin/Documents/dev/udemy/8_beautiful_apps/cabinet/app/assets/stylesheets/normalize.css.scss to /Users/yasskin/Documents/dev/udemy/8_beautiful_apps/cabinet/app/assets/stylesheets/normalize.scss. (called from _app_views_layouts_application_html_haml___2292083210544012489_70195397203940 at /Users/yasskin/Documents/dev/udemy/8_beautiful_apps/cabinet/app/views/layouts/application.html.haml:5)
DEPRECATION WARNING: Extra .css in SCSS file is unnecessary. Rename /Users/yasskin/Documents/dev/udemy/8_beautiful_apps/cabinet/app/assets/stylesheets/global.css.scss to /Users/yasskin/Documents/dev/udemy/8_beautiful_apps/cabinet/app/assets/stylesheets/global.scss. (called from _app_views_layouts_application_html_haml___2292083210544012489_70195397203940 at /Users/yasskin/Documents/dev/udemy/8_beautiful_apps/cabinet/app/views/layouts/application.html.haml:5)
DEPRECATION WARNING: Extra .css in SCSS file is unnecessary. Rename /Users/yasskin/Documents/dev/udemy/8_beautiful_apps/cabinet/app/assets/stylesheets/docs.css.scss to /Users/yasskin/Documents/dev/udemy/8_beautiful_apps/cabinet/app/assets/stylesheets/docs.scss. (called from _app_views_layouts_application_html_haml___2292083210544012489_70195397203940 at /Users/yasskin/Documents/dev/udemy/8_beautiful_apps/cabinet/app/views/layouts/application.html.haml:5)
DEPRECATION WARNING: Extra .css in SCSS file is unnecessary. Rename /Users/yasskin/Documents/dev/udemy/8_beautiful_apps/cabinet/app/assets/stylesheets/welcome.css.scss to /Users/yasskin/Documents/dev/udemy/8_beautiful_apps/cabinet/app/assets/stylesheets/welcome.scss. (called from _app_views_layouts_application_html_haml___2292083210544012489_70195397203940 at /Users/yasskin/Documents/dev/udemy/8_beautiful_apps/cabinet/app/views/layouts/application.html.haml:5)
DEPRECATION WARNING: Extra .css in SCSS file is unnecessary. Rename /Users/yasskin/Documents/dev/udemy/8_beautiful_apps/cabinet/app/assets/stylesheets/normalize.css.scss to /Users/yasskin/Documents/dev/udemy/8_beautiful_apps/cabinet/app/assets/stylesheets/normalize.scss. (called from _app_views_layouts_application_html_haml___2292083210544012489_70195397203940 at /Users/yasskin/Documents/dev/udemy/8_beautiful_apps/cabinet/app/views/layouts/application.html.haml:5)
DEPRECATION WARNING: Extra .css in SCSS file is unnecessary. Rename /Users/yasskin/Documents/dev/udemy/8_beautiful_apps/cabinet/app/assets/stylesheets/global.css.scss to /Users/yasskin/Documents/dev/udemy/8_beautiful_apps/cabinet/app/assets/stylesheets/global.scss. (called from _app_views_layouts_application_html_haml___2292083210544012489_70195397203940 at /Users/yasskin/Documents/dev/udemy/8_beautiful_apps/cabinet/app/views/layouts/application.html.haml:5)
DEPRECATION WARNING: Extra .css in SCSS file is unnecessary. Rename /Users/yasskin/Documents/dev/udemy/8_beautiful_apps/cabinet/app/assets/stylesheets/docs.css.scss to /Users/yasskin/Documents/dev/udemy/8_beautiful_apps/cabinet/app/assets/stylesheets/docs.scss. (called from _app_views_layouts_application_html_haml___2292083210544012489_70195397203940 at /Users/yasskin/Documents/dev/udemy/8_beautiful_apps/cabinet/app/views/layouts/application.html.haml:5)
DEPRECATION WARNING: Extra .css in SCSS file is unnecessary. Rename /Users/yasskin/Documents/dev/udemy/8_beautiful_apps/cabinet/app/assets/stylesheets/welcome.css.scss to /Users/yasskin/Documents/dev/udemy/8_beautiful_apps/cabinet/app/assets/stylesheets/welcome.scss. (called from _app_views_layouts_application_html_haml___2292083210544012489_70195397203940 at /Users/yasskin/Documents/dev/udemy/8_beautiful_apps/cabinet/app/views/layouts/application.html.haml:5)
Completed 200 OK in 134ms (Views: 132.2ms | ActiveRecord: 0.0ms)


Started GET "/" for ::1 at 2016-12-31 21:36:32 -0800
Processing by WelcomeController#index as HTML
  Rendering welcome/index.html.haml within layouts/application
  Rendered welcome/index.html.haml within layouts/application (2.4ms)
Completed 200 OK in 72ms (Views: 69.9ms | ActiveRecord: 0.0ms)


Started GET "/" for ::1 at 2016-12-31 21:36:36 -0800
Processing by WelcomeController#index as HTML
  Rendering welcome/index.html.haml within layouts/application
  Rendered welcome/index.html.haml within layouts/application (1.8ms)
Completed 200 OK in 21ms (Views: 19.9ms | ActiveRecord: 0.0ms)


Started GET "/" for ::1 at 2016-12-31 21:36:47 -0800
Processing by WelcomeController#index as HTML
  Rendering welcome/index.html.haml within layouts/application
  Rendered welcome/index.html.haml within layouts/application (2.2ms)
Completed 200 OK in 30ms (Views: 28.8ms | ActiveRecord: 0.0ms)


Started GET "/" for ::1 at 2016-12-31 21:37:01 -0800
Processing by WelcomeController#index as HTML
  Rendering welcome/index.html.haml within layouts/application
  Rendered welcome/index.html.haml within layouts/application (2.3ms)
Completed 200 OK in 23ms (Views: 21.2ms | ActiveRecord: 0.0ms)


Started GET "/" for ::1 at 2016-12-31 21:37:13 -0800
  [1m[36mActiveRecord::SchemaMigration Load (0.1ms)[0m  [1m[34mSELECT "schema_migrations".* FROM "schema_migrations"[0m
Processing by WelcomeController#index as HTML
  Rendering welcome/index.html.haml within layouts/application
  Rendered welcome/index.html.haml within layouts/application (5.0ms)
Completed 200 OK in 222ms (Views: 220.7ms | ActiveRecord: 0.0ms)


Started GET "/" for ::1 at 2016-12-31 21:37:20 -0800
Processing by WelcomeController#index as HTML
  Rendering welcome/index.html.haml within layouts/application
  Rendered welcome/index.html.haml within layouts/application (2.2ms)
Completed 200 OK in 25ms (Views: 23.1ms | ActiveRecord: 0.0ms)


Started GET "/users/sign_up" for ::1 at 2016-12-31 21:37:21 -0800
Processing by Devise::RegistrationsController#new as HTML
  Rendering devise/registrations/new.html.erb within layouts/application
  Rendered devise/shared/_links.html.erb (1.1ms)
  Rendered devise/registrations/new.html.erb within layouts/application (180.1ms)
Completed 200 OK in 229ms (Views: 209.3ms | ActiveRecord: 0.9ms)


Started GET "/users/sign_up" for ::1 at 2016-12-31 21:37:27 -0800
Processing by Devise::RegistrationsController#new as HTML
  Rendering devise/registrations/new.html.erb within layouts/application
  Rendered devise/shared/_links.html.erb (1.1ms)
  Rendered devise/registrations/new.html.erb within layouts/application (9.5ms)
Completed 200 OK in 41ms (Views: 39.4ms | ActiveRecord: 0.0ms)


Started GET "/" for ::1 at 2016-12-31 21:38:52 -0800
Processing by WelcomeController#index as HTML
  Rendering welcome/index.html.haml within layouts/application
  Rendered welcome/index.html.haml within layouts/application (1.9ms)
Completed 200 OK in 21ms (Views: 19.4ms | ActiveRecord: 0.0ms)


Started GET "/" for ::1 at 2016-12-31 21:38:59 -0800
Processing by WelcomeController#index as HTML
  Rendering welcome/index.html.haml within layouts/application
  Rendered welcome/index.html.haml within layouts/application (2.1ms)
Completed 200 OK in 23ms (Views: 21.0ms | ActiveRecord: 0.0ms)


Started GET "/docs/new" for ::1 at 2016-12-31 21:44:31 -0800
Processing by DocsController#new as HTML
Completed 500 Internal Server Error in 1ms (ActiveRecord: 0.0ms)


  
NoMethodError (undefined method `docs' for nil:NilClass):
  
app/controllers/docs_controller.rb:12:in `new'
  Rendering /Users/yasskin/.rvm/gems/ruby-2.3.1/gems/actionpack-5.0.1/lib/action_dispatch/middleware/templates/rescues/diagnostics.html.erb within rescues/layout
  Rendering /Users/yasskin/.rvm/gems/ruby-2.3.1/gems/actionpack-5.0.1/lib/action_dispatch/middleware/templates/rescues/_source.html.erb
  Rendered /Users/yasskin/.rvm/gems/ruby-2.3.1/gems/actionpack-5.0.1/lib/action_dispatch/middleware/templates/rescues/_source.html.erb (2.2ms)
  Rendering /Users/yasskin/.rvm/gems/ruby-2.3.1/gems/actionpack-5.0.1/lib/action_dispatch/middleware/templates/rescues/_trace.html.erb
  Rendered /Users/yasskin/.rvm/gems/ruby-2.3.1/gems/actionpack-5.0.1/lib/action_dispatch/middleware/templates/rescues/_trace.html.erb (1.2ms)
  Rendering /Users/yasskin/.rvm/gems/ruby-2.3.1/gems/actionpack-5.0.1/lib/action_dispatch/middleware/templates/rescues/_request_and_response.html.erb
  Rendered /Users/yasskin/.rvm/gems/ruby-2.3.1/gems/actionpack-5.0.1/lib/action_dispatch/middleware/templates/rescues/_request_and_response.html.erb (0.6ms)
  Rendered /Users/yasskin/.rvm/gems/ruby-2.3.1/gems/actionpack-5.0.1/lib/action_dispatch/middleware/templates/rescues/diagnostics.html.erb within rescues/layout (50.0ms)
Started GET "/docs" for ::1 at 2016-12-31 21:44:34 -0800
Processing by DocsController#index as HTML
  Rendering docs/index.html.haml within layouts/application
  [1m[36mDoc Load (0.1ms)[0m  [1m[34mSELECT "docs".* FROM "docs" WHERE "docs"."user_id" IS NULL[0m
  Rendered docs/index.html.haml within layouts/application (5.8ms)
Completed 200 OK in 28ms (Views: 21.3ms | ActiveRecord: 0.3ms)


Started GET "/docs/1" for ::1 at 2016-12-31 21:44:56 -0800
Processing by DocsController#show as HTML
  Parameters: {"id"=>"1"}
  [1m[36mDoc Load (0.2ms)[0m  [1m[34mSELECT  "docs".* FROM "docs" WHERE "docs"."id" = ? LIMIT ?[0m  [["id", 1], ["LIMIT", 1]]
  Rendering docs/show.html.haml within layouts/application
  Rendered docs/show.html.haml within layouts/application (1.4ms)
Completed 200 OK in 69ms (Views: 18.4ms | ActiveRecord: 0.2ms)


Started GET "/docs/1" for ::1 at 2016-12-31 21:51:22 -0800
Processing by DocsController#show as HTML
  Parameters: {"id"=>"1"}
  [1m[36mDoc Load (0.1ms)[0m  [1m[34mSELECT  "docs".* FROM "docs" WHERE "docs"."id" = ? LIMIT ?[0m  [["id", 1], ["LIMIT", 1]]
  Rendering docs/show.html.haml within layouts/application
  Rendered docs/show.html.haml within layouts/application (1.5ms)
Completed 200 OK in 20ms (Views: 17.9ms | ActiveRecord: 0.1ms)


Started GET "/docs/1" for ::1 at 2016-12-31 21:52:04 -0800
Processing by DocsController#show as HTML
  Parameters: {"id"=>"1"}
  [1m[36mDoc Load (0.1ms)[0m  [1m[34mSELECT  "docs".* FROM "docs" WHERE "docs"."id" = ? LIMIT ?[0m  [["id", 1], ["LIMIT", 1]]
  Rendering docs/show.html.haml within layouts/application
  Rendered docs/show.html.haml within layouts/application (2.2ms)
Completed 200 OK in 21ms (Views: 18.4ms | ActiveRecord: 0.1ms)


Started GET "/docs/new" for ::1 at 2016-12-31 21:54:14 -0800
Processing by DocsController#new as HTML
Completed 500 Internal Server Error in 2ms (ActiveRecord: 0.0ms)


  
NoMethodError (undefined method `docs' for nil:NilClass):
  
app/controllers/docs_controller.rb:12:in `new'
  Rendering /Users/yasskin/.rvm/gems/ruby-2.3.1/gems/actionpack-5.0.1/lib/action_dispatch/middleware/templates/rescues/diagnostics.html.erb within rescues/layout
  Rendering /Users/yasskin/.rvm/gems/ruby-2.3.1/gems/actionpack-5.0.1/lib/action_dispatch/middleware/templates/rescues/_source.html.erb
  Rendered /Users/yasskin/.rvm/gems/ruby-2.3.1/gems/actionpack-5.0.1/lib/action_dispatch/middleware/templates/rescues/_source.html.erb (2.1ms)
  Rendering /Users/yasskin/.rvm/gems/ruby-2.3.1/gems/actionpack-5.0.1/lib/action_dispatch/middleware/templates/rescues/_trace.html.erb
  Rendered /Users/yasskin/.rvm/gems/ruby-2.3.1/gems/actionpack-5.0.1/lib/action_dispatch/middleware/templates/rescues/_trace.html.erb (1.6ms)
  Rendering /Users/yasskin/.rvm/gems/ruby-2.3.1/gems/actionpack-5.0.1/lib/action_dispatch/middleware/templates/rescues/_request_and_response.html.erb
  Rendered /Users/yasskin/.rvm/gems/ruby-2.3.1/gems/actionpack-5.0.1/lib/action_dispatch/middleware/templates/rescues/_request_and_response.html.erb (0.6ms)
  Rendered /Users/yasskin/.rvm/gems/ruby-2.3.1/gems/actionpack-5.0.1/lib/action_dispatch/middleware/templates/rescues/diagnostics.html.erb within rescues/layout (45.6ms)
Started GET "/doc/new" for ::1 at 2016-12-31 21:55:38 -0800
  
ActionController::RoutingError (No route matches [GET] "/doc/new"):
  
actionpack (5.0.1) lib/action_dispatch/middleware/debug_exceptions.rb:53:in `call'
web-console (3.4.0) lib/web_console/middleware.rb:135:in `call_app'
web-console (3.4.0) lib/web_console/middleware.rb:28:in `block in call'
web-console (3.4.0) lib/web_console/middleware.rb:18:in `catch'
web-console (3.4.0) lib/web_console/middleware.rb:18:in `call'
actionpack (5.0.1) lib/action_dispatch/middleware/show_exceptions.rb:31:in `call'
railties (5.0.1) lib/rails/rack/logger.rb:36:in `call_app'
railties (5.0.1) lib/rails/rack/logger.rb:24:in `block in call'
activesupport (5.0.1) lib/active_support/tagged_logging.rb:69:in `block in tagged'
activesupport (5.0.1) lib/active_support/tagged_logging.rb:26:in `tagged'
activesupport (5.0.1) lib/active_support/tagged_logging.rb:69:in `tagged'
railties (5.0.1) lib/rails/rack/logger.rb:24:in `call'
sprockets-rails (3.2.0) lib/sprockets/rails/quiet_assets.rb:13:in `call'
actionpack (5.0.1) lib/action_dispatch/middleware/request_id.rb:24:in `call'
rack (2.0.1) lib/rack/method_override.rb:22:in `call'
rack (2.0.1) lib/rack/runtime.rb:22:in `call'
activesupport (5.0.1) lib/active_support/cache/strategy/local_cache_middleware.rb:28:in `call'
actionpack (5.0.1) lib/action_dispatch/middleware/executor.rb:12:in `call'
actionpack (5.0.1) lib/action_dispatch/middleware/static.rb:136:in `call'
rack (2.0.1) lib/rack/sendfile.rb:111:in `call'
railties (5.0.1) lib/rails/engine.rb:522:in `call'
puma (3.6.2) lib/puma/configuration.rb:225:in `call'
puma (3.6.2) lib/puma/server.rb:578:in `handle_request'
puma (3.6.2) lib/puma/server.rb:415:in `process_client'
puma (3.6.2) lib/puma/server.rb:275:in `block in run'
puma (3.6.2) lib/puma/thread_pool.rb:116:in `block in spawn_thread'
  Rendering /Users/yasskin/.rvm/gems/ruby-2.3.1/gems/actionpack-5.0.1/lib/action_dispatch/middleware/templates/rescues/routing_error.html.erb within rescues/layout
  Rendering /Users/yasskin/.rvm/gems/ruby-2.3.1/gems/actionpack-5.0.1/lib/action_dispatch/middleware/templates/rescues/_trace.html.erb
  Rendered /Users/yasskin/.rvm/gems/ruby-2.3.1/gems/actionpack-5.0.1/lib/action_dispatch/middleware/templates/rescues/_trace.html.erb (0.8ms)
  Rendered collection of /Users/yasskin/.rvm/gems/ruby-2.3.1/gems/actionpack-5.0.1/lib/action_dispatch/middleware/templates/routes/_route.html.erb [26 times] (5.7ms)
  Rendered /Users/yasskin/.rvm/gems/ruby-2.3.1/gems/actionpack-5.0.1/lib/action_dispatch/middleware/templates/routes/_table.html.erb (6.8ms)
  Rendering /Users/yasskin/.rvm/gems/ruby-2.3.1/gems/actionpack-5.0.1/lib/action_dispatch/middleware/templates/rescues/_request_and_response.html.erb
  Rendered /Users/yasskin/.rvm/gems/ruby-2.3.1/gems/actionpack-5.0.1/lib/action_dispatch/middleware/templates/rescues/_request_and_response.html.erb (0.8ms)
  Rendered /Users/yasskin/.rvm/gems/ruby-2.3.1/gems/actionpack-5.0.1/lib/action_dispatch/middleware/templates/rescues/routing_error.html.erb within rescues/layout (75.5ms)
Started GET "/" for ::1 at 2016-12-31 21:57:53 -0800
Processing by WelcomeController#index as HTML
  Rendering welcome/index.html.haml within layouts/application
  Rendered welcome/index.html.haml within layouts/application (1.7ms)
Completed 200 OK in 19ms (Views: 17.2ms | ActiveRecord: 0.0ms)


Started GET "/images/callout_background.jpg" for ::1 at 2016-12-31 21:57:53 -0800
  
ActionController::RoutingError (No route matches [GET] "/images/callout_background.jpg"):
  
actionpack (5.0.1) lib/action_dispatch/middleware/debug_exceptions.rb:53:in `call'
web-console (3.4.0) lib/web_console/middleware.rb:135:in `call_app'
web-console (3.4.0) lib/web_console/middleware.rb:28:in `block in call'
web-console (3.4.0) lib/web_console/middleware.rb:18:in `catch'
web-console (3.4.0) lib/web_console/middleware.rb:18:in `call'
actionpack (5.0.1) lib/action_dispatch/middleware/show_exceptions.rb:31:in `call'
railties (5.0.1) lib/rails/rack/logger.rb:36:in `call_app'
railties (5.0.1) lib/rails/rack/logger.rb:24:in `block in call'
activesupport (5.0.1) lib/active_support/tagged_logging.rb:69:in `block in tagged'
activesupport (5.0.1) lib/active_support/tagged_logging.rb:26:in `tagged'
activesupport (5.0.1) lib/active_support/tagged_logging.rb:69:in `tagged'
railties (5.0.1) lib/rails/rack/logger.rb:24:in `call'
sprockets-rails (3.2.0) lib/sprockets/rails/quiet_assets.rb:13:in `call'
actionpack (5.0.1) lib/action_dispatch/middleware/request_id.rb:24:in `call'
rack (2.0.1) lib/rack/method_override.rb:22:in `call'
rack (2.0.1) lib/rack/runtime.rb:22:in `call'
activesupport (5.0.1) lib/active_support/cache/strategy/local_cache_middleware.rb:28:in `call'
actionpack (5.0.1) lib/action_dispatch/middleware/executor.rb:12:in `call'
actionpack (5.0.1) lib/action_dispatch/middleware/static.rb:136:in `call'
rack (2.0.1) lib/rack/sendfile.rb:111:in `call'
railties (5.0.1) lib/rails/engine.rb:522:in `call'
puma (3.6.2) lib/puma/configuration.rb:225:in `call'
puma (3.6.2) lib/puma/server.rb:578:in `handle_request'
puma (3.6.2) lib/puma/server.rb:415:in `process_client'
puma (3.6.2) lib/puma/server.rb:275:in `block in run'
puma (3.6.2) lib/puma/thread_pool.rb:116:in `block in spawn_thread'
Started GET "/images/welcome_banner_image.jpg" for ::1 at 2016-12-31 21:57:53 -0800
  
ActionController::RoutingError (No route matches [GET] "/images/welcome_banner_image.jpg"):
  
actionpack (5.0.1) lib/action_dispatch/middleware/debug_exceptions.rb:53:in `call'
web-console (3.4.0) lib/web_console/middleware.rb:135:in `call_app'
web-console (3.4.0) lib/web_console/middleware.rb:28:in `block in call'
web-console (3.4.0) lib/web_console/middleware.rb:18:in `catch'
web-console (3.4.0) lib/web_console/middleware.rb:18:in `call'
actionpack (5.0.1) lib/action_dispatch/middleware/show_exceptions.rb:31:in `call'
railties (5.0.1) lib/rails/rack/logger.rb:36:in `call_app'
railties (5.0.1) lib/rails/rack/logger.rb:24:in `block in call'
activesupport (5.0.1) lib/active_support/tagged_logging.rb:69:in `block in tagged'
activesupport (5.0.1) lib/active_support/tagged_logging.rb:26:in `tagged'
activesupport (5.0.1) lib/active_support/tagged_logging.rb:69:in `tagged'
railties (5.0.1) lib/rails/rack/logger.rb:24:in `call'
sprockets-rails (3.2.0) lib/sprockets/rails/quiet_assets.rb:13:in `call'
actionpack (5.0.1) lib/action_dispatch/middleware/request_id.rb:24:in `call'
rack (2.0.1) lib/rack/method_override.rb:22:in `call'
rack (2.0.1) lib/rack/runtime.rb:22:in `call'
activesupport (5.0.1) lib/active_support/cache/strategy/local_cache_middleware.rb:28:in `call'
actionpack (5.0.1) lib/action_dispatch/middleware/executor.rb:12:in `call'
actionpack (5.0.1) lib/action_dispatch/middleware/static.rb:136:in `call'
rack (2.0.1) lib/rack/sendfile.rb:111:in `call'
railties (5.0.1) lib/rails/engine.rb:522:in `call'
puma (3.6.2) lib/puma/configuration.rb:225:in `call'
puma (3.6.2) lib/puma/server.rb:578:in `handle_request'
puma (3.6.2) lib/puma/server.rb:415:in `process_client'
puma (3.6.2) lib/puma/server.rb:275:in `block in run'
puma (3.6.2) lib/puma/thread_pool.rb:116:in `block in spawn_thread'
  Rendering /Users/yasskin/.rvm/gems/ruby-2.3.1/gems/actionpack-5.0.1/lib/action_dispatch/middleware/templates/rescues/routing_error.html.erb within rescues/layout
  Rendering /Users/yasskin/.rvm/gems/ruby-2.3.1/gems/actionpack-5.0.1/lib/action_dispatch/middleware/templates/rescues/_trace.html.erb
  Rendered /Users/yasskin/.rvm/gems/ruby-2.3.1/gems/actionpack-5.0.1/lib/action_dispatch/middleware/templates/rescues/_trace.html.erb (1.4ms)
  Rendered collection of /Users/yasskin/.rvm/gems/ruby-2.3.1/gems/actionpack-5.0.1/lib/action_dispatch/middleware/templates/routes/_route.html.erb [26 times] (5.5ms)
  Rendered /Users/yasskin/.rvm/gems/ruby-2.3.1/gems/actionpack-5.0.1/lib/action_dispatch/middleware/templates/routes/_table.html.erb (0.9ms)
  Rendering /Users/yasskin/.rvm/gems/ruby-2.3.1/gems/actionpack-5.0.1/lib/action_dispatch/middleware/templates/rescues/_request_and_response.html.erb
  Rendered /Users/yasskin/.rvm/gems/ruby-2.3.1/gems/actionpack-5.0.1/lib/action_dispatch/middleware/templates/rescues/_request_and_response.html.erb (0.8ms)
  Rendering /Users/yasskin/.rvm/gems/ruby-2.3.1/gems/actionpack-5.0.1/lib/action_dispatch/middleware/templates/rescues/routing_error.html.erb within rescues/layout
  Rendered /Users/yasskin/.rvm/gems/ruby-2.3.1/gems/actionpack-5.0.1/lib/action_dispatch/middleware/templates/rescues/routing_error.html.erb within rescues/layout (88.8ms)
  Rendering /Users/yasskin/.rvm/gems/ruby-2.3.1/gems/actionpack-5.0.1/lib/action_dispatch/middleware/templates/rescues/_trace.html.erb
  Rendered /Users/yasskin/.rvm/gems/ruby-2.3.1/gems/actionpack-5.0.1/lib/action_dispatch/middleware/templates/rescues/_trace.html.erb (1.2ms)
  Rendered collection of /Users/yasskin/.rvm/gems/ruby-2.3.1/gems/actionpack-5.0.1/lib/action_dispatch/middleware/templates/routes/_route.html.erb [26 times] (4.5ms)
  Rendered /Users/yasskin/.rvm/gems/ruby-2.3.1/gems/actionpack-5.0.1/lib/action_dispatch/middleware/templates/routes/_table.html.erb (0.9ms)
  Rendering /Users/yasskin/.rvm/gems/ruby-2.3.1/gems/actionpack-5.0.1/lib/action_dispatch/middleware/templates/rescues/_request_and_response.html.erb
  Rendered /Users/yasskin/.rvm/gems/ruby-2.3.1/gems/actionpack-5.0.1/lib/action_dispatch/middleware/templates/rescues/_request_and_response.html.erb (1.1ms)
  Rendered /Users/yasskin/.rvm/gems/ruby-2.3.1/gems/actionpack-5.0.1/lib/action_dispatch/middleware/templates/rescues/routing_error.html.erb within rescues/layout (171.8ms)
Started GET "/users/sign_up" for ::1 at 2016-12-31 21:58:02 -0800
Processing by Devise::RegistrationsController#new as HTML
  Rendering devise/registrations/new.html.erb within layouts/application
  Rendered devise/shared/_links.html.erb (0.7ms)
  Rendered devise/registrations/new.html.erb within layouts/application (6.7ms)
Completed 200 OK in 24ms (Views: 23.7ms | ActiveRecord: 0.0ms)


Started GET "/users/sign_in" for ::1 at 2016-12-31 21:58:16 -0800
Processing by Devise::SessionsController#new as HTML
  Rendering devise/sessions/new.html.erb within layouts/application
  Rendered devise/shared/_links.html.erb (1.0ms)
  Rendered devise/sessions/new.html.erb within layouts/application (12.4ms)
Completed 200 OK in 44ms (Views: 32.3ms | ActiveRecord: 0.0ms)


Started GET "/docs" for ::1 at 2016-12-31 22:20:54 -0800
Processing by DocsController#index as HTML
  Rendering docs/index.html.haml within layouts/application
  [1m[36mDoc Load (0.2ms)[0m  [1m[34mSELECT "docs".* FROM "docs" WHERE "docs"."user_id" IS NULL[0m
  Rendered docs/index.html.haml within layouts/application (2.7ms)
Completed 200 OK in 88ms (Views: 85.2ms | ActiveRecord: 0.2ms)


Started GET "/" for ::1 at 2016-12-31 22:20:58 -0800
Processing by WelcomeController#index as HTML
  Rendering welcome/index.html.haml within layouts/application
  Rendered welcome/index.html.haml within layouts/application (2.0ms)
Completed 200 OK in 19ms (Views: 17.7ms | ActiveRecord: 0.0ms)


Started GET "/users/sign_up" for ::1 at 2016-12-31 22:21:01 -0800
Processing by Devise::RegistrationsController#new as HTML
  Rendering devise/registrations/new.html.erb within layouts/application
  Rendered devise/shared/_links.html.erb (0.9ms)
  Rendered devise/registrations/new.html.erb within layouts/application (6.5ms)
Completed 200 OK in 28ms (Views: 27.3ms | ActiveRecord: 0.0ms)


